#
# There is insufficient memory for the Java Runtime Environment to continue.
# Native memory allocation (malloc) failed to allocate 32744 bytes for ChunkPool::allocate
# Possible reasons:
#   The system is out of physical RAM or swap space
#   The process is running with CompressedOops enabled, and the Java Heap may be blocking the growth of the native heap
# Possible solutions:
#   Reduce memory load on the system
#   Increase physical memory or swap space
#   Check if swap backing store is full
#   Decrease Java heap size (-Xmx/-Xms)
#   Decrease number of Java threads
#   Decrease Java thread stack sizes (-Xss)
#   Set larger code cache with -XX:ReservedCodeCacheSize=
#   JVM is running with Zero Based Compressed Oops mode in which the Java heap is
#     placed in the first 32GB address space. The Java Heap base address is the
#     maximum limit for the native heap growth. Please use -XX:HeapBaseMinAddress
#     to set the Java Heap base and to place the Java Heap above 32GB virtual address.
# This output file may be truncated or incomplete.
#
#  Out of Memory Error (t:/workspace/open/src/hotspot/share/memory/arena.cpp:81), pid=29124, tid=27832
#
# JRE version: Java(TM) SE Runtime Environment (11.0+28) (build 11+28)
# Java VM: Java HotSpot(TM) 64-Bit Server VM (11+28, mixed mode, tiered, compressed oops, g1 gc, windows-amd64)
# No core dump will be written. Minidumps are not enabled by default on client versions of Windows
#

---------------  S U M M A R Y ------------

Command Line: -Dfile.encoding=UTF-8 --module-path=C:\Users\andre\OneDrive\Documents\NetBeansProjects\Group2_GUI\build\classes EmployeeManagementSystem.MainClass

Host: AMD Ryzen 5 5625U with Radeon Graphics         , 12 cores, 15G,  Windows 10 , 64 bit Build 22621 (10.0.22621.1778)
Time: Wed Jul 12 00:30:04 2023 Malay Peninsula Standard Time elapsed time: 222 seconds (0d 0h 3m 42s)

---------------  T H R E A D  ---------------

Current thread (0x000001738c21f800):  JavaThread "C2 CompilerThread0" daemon [_thread_in_native, id=27832, stack(0x0000001fe9c00000,0x0000001fe9d00000)]


Current CompileTask:
C2: 222852 4825       4       sun.swing.CachedPainter::getImage (474 bytes)

Stack: [0x0000001fe9c00000,0x0000001fe9d00000]
Native frames: (J=compiled Java code, j=interpreted, Vv=VM code, C=native code)
V  [jvm.dll+0x63c22a]
V  [jvm.dll+0x7797ef]
V  [jvm.dll+0x77adda]
V  [jvm.dll+0x77b493]
V  [jvm.dll+0x262818]
V  [jvm.dll+0xc5e9b]
V  [jvm.dll+0xc61fc]
V  [jvm.dll+0x2c63f6]
V  [jvm.dll+0x2c61b4]
V  [jvm.dll+0x74adfd]
V  [jvm.dll+0x5dedf5]
V  [jvm.dll+0x36cf2d]
V  [jvm.dll+0x2ecbf9]
V  [jvm.dll+0x60395b]
V  [jvm.dll+0x10f19c]
V  [jvm.dll+0x34cf4d]
V  [jvm.dll+0x65e459]
V  [jvm.dll+0x65d7bf]
V  [jvm.dll+0x65893c]
V  [jvm.dll+0x651e5b]
V  [jvm.dll+0x651472]
V  [jvm.dll+0x64f097]
V  [jvm.dll+0x19af4c]
V  [jvm.dll+0x2d0126]
V  [jvm.dll+0x65a848]
V  [jvm.dll+0x651e5b]
V  [jvm.dll+0x651472]
V  [jvm.dll+0x64f097]
V  [jvm.dll+0x19af4c]
V  [jvm.dll+0x2d0126]
V  [jvm.dll+0x65a848]
V  [jvm.dll+0x651e5b]
V  [jvm.dll+0x651472]
V  [jvm.dll+0x64f097]
V  [jvm.dll+0x19af4c]
V  [jvm.dll+0x21b62b]
V  [jvm.dll+0x198390]
V  [jvm.dll+0x22a99f]
V  [jvm.dll+0x228fb8]
V  [jvm.dll+0x73f04d]
V  [jvm.dll+0x63b2c2]
C  [ucrtbase.dll+0x29363]
C  [KERNEL32.DLL+0x126ad]
C  [ntdll.dll+0x5a9f8]


---------------  P R O C E S S  ---------------

Threads class SMR info:
_java_thread_list=0x0000017394644510, length=17, elements={
0x000001738b92c000, 0x000001738b92e000, 0x000001738c21c800, 0x000001738c21d800,
0x000001738c21f800, 0x000001738c1c9800, 0x000001738c1d3800, 0x000001738b8c5000,
0x000001738c4a0000, 0x000001738c804800, 0x000001738c805800, 0x000001738c7ec000,
0x000001738c7e7800, 0x00000173e80ff000, 0x000001738c8c9800, 0x000001738deaa000,
0x000001739476c800
}

Java Threads: ( => current thread )
  0x000001738b92c000 JavaThread "Reference Handler" daemon [_thread_blocked, id=25228, stack(0x0000001fe9800000,0x0000001fe9900000)]
  0x000001738b92e000 JavaThread "Finalizer" daemon [_thread_blocked, id=16096, stack(0x0000001fe9900000,0x0000001fe9a00000)]
  0x000001738c21c800 JavaThread "Signal Dispatcher" daemon [_thread_blocked, id=13108, stack(0x0000001fe9a00000,0x0000001fe9b00000)]
  0x000001738c21d800 JavaThread "Attach Listener" daemon [_thread_blocked, id=10800, stack(0x0000001fe9b00000,0x0000001fe9c00000)]
=>0x000001738c21f800 JavaThread "C2 CompilerThread0" daemon [_thread_in_native, id=27832, stack(0x0000001fe9c00000,0x0000001fe9d00000)]
  0x000001738c1c9800 JavaThread "C1 CompilerThread0" daemon [_thread_blocked, id=26676, stack(0x0000001fe9d00000,0x0000001fe9e00000)]
  0x000001738c1d3800 JavaThread "Sweeper thread" daemon [_thread_blocked, id=16764, stack(0x0000001fe9e00000,0x0000001fe9f00000)]
  0x000001738b8c5000 JavaThread "Common-Cleaner" daemon [_thread_blocked, id=29588, stack(0x0000001fe9f00000,0x0000001fea000000)]
  0x000001738c4a0000 JavaThread "Service Thread" daemon [_thread_blocked, id=15968, stack(0x0000001fea000000,0x0000001fea100000)]
  0x000001738c804800 JavaThread "Java2D Disposer" daemon [_thread_blocked, id=5280, stack(0x0000001fea200000,0x0000001fea300000)]
  0x000001738c805800 JavaThread "AWT-Shutdown" [_thread_blocked, id=15528, stack(0x0000001fea300000,0x0000001fea400000)]
  0x000001738c7ec000 JavaThread "AWT-Windows" daemon [_thread_in_native, id=29672, stack(0x0000001fea400000,0x0000001fea500000)]
  0x000001738c7e7800 JavaThread "AWT-EventQueue-0" [_thread_in_native, id=4236, stack(0x0000001fea500000,0x0000001fea600000)]
  0x00000173e80ff000 JavaThread "DestroyJavaVM" [_thread_blocked, id=3812, stack(0x0000001fe9100000,0x0000001fe9200000)]
  0x000001738c8c9800 JavaThread "mysql-cj-abandoned-connection-cleanup" daemon [_thread_blocked, id=29676, stack(0x0000001fea600000,0x0000001fea700000)]
  0x000001738deaa000 JavaThread "D3D Screen Updater" daemon [_thread_blocked, id=12804, stack(0x0000001feb900000,0x0000001feba00000)]
  0x000001739476c800 JavaThread "TimerQueue" daemon [_thread_blocked, id=2036, stack(0x0000001febc00000,0x0000001febd00000)]

Other Threads:
  0x000001738b908000 VMThread "VM Thread" [stack: 0x0000001fe9700000,0x0000001fe9800000] [id=22168]
  0x000001738c4a0800 WatcherThread [stack: 0x0000001fea100000,0x0000001fea200000] [id=29540]
  0x00000173e8117800 GCTaskThread "GC Thread#0" [stack: 0x0000001fe9200000,0x0000001fe9300000] [id=1216]
  0x000001738daa1800 GCTaskThread "GC Thread#1" [stack: 0x0000001feb200000,0x0000001feb300000] [id=26740]
  0x000001738daa2000 GCTaskThread "GC Thread#2" [stack: 0x0000001feb300000,0x0000001feb400000] [id=13816]
  0x000001738daa3000 GCTaskThread "GC Thread#3" [stack: 0x0000001feb400000,0x0000001feb500000] [id=27596]
  0x000001738db23000 GCTaskThread "GC Thread#4" [stack: 0x0000001feb500000,0x0000001feb600000] [id=12144]
  0x000001738db26000 GCTaskThread "GC Thread#5" [stack: 0x0000001feb600000,0x0000001feb700000] [id=18696]
  0x00000173e8170000 ConcurrentGCThread "G1 Main Marker" [stack: 0x0000001fe9300000,0x0000001fe9400000] [id=25892]
  0x00000173e8172800 ConcurrentGCThread "G1 Conc#0" [stack: 0x0000001fe9400000,0x0000001fe9500000] [id=11508]
  0x000001738d66e000 ConcurrentGCThread "G1 Conc#1" [stack: 0x0000001feb700000,0x0000001feb800000] [id=28720]
  0x000001738c4e6000 ConcurrentGCThread "G1 Conc#2" [stack: 0x0000001feb800000,0x0000001feb900000] [id=19496]
  0x000001738b7eb000 ConcurrentGCThread "G1 Refine#0" [stack: 0x0000001fe9500000,0x0000001fe9600000] [id=22600]
  0x000001738b7f0800 ConcurrentGCThread "G1 Young RemSet Sampling" [stack: 0x0000001fe9600000,0x0000001fe9700000] [id=11188]

Threads with active compile tasks:
C2 CompilerThread04825       4       sun.swing.CachedPainter::getImage (474 bytes)

VM state:not at safepoint (normal execution)

VM Mutex/Monitor currently owned by a thread: None

Heap address: 0x000000070a600000, size: 3930 MB, Compressed Oops mode: Zero based, Oop shift amount: 3
Narrow klass base: 0x0000000800000000, Narrow klass shift: 0
Compressed class space size: 1073741824 Address: 0x0000000800000000

Heap:
 garbage-first heap   total 251904K, used 89290K [0x000000070a600000, 0x0000000800000000)
  region size 1024K, 73 young (74752K), 4 survivors (4096K)
 Metaspace       used 31054K, capacity 31667K, committed 31872K, reserved 1077248K
  class space    used 3353K, capacity 3621K, committed 3712K, reserved 1048576K
Heap Regions: E=young(eden), S=young(survivor), O=old, HS=humongous(starts), HC=humongous(continues), CS=collection set, F=free, A=archive, TAMS=top-at-mark-start (previous, next)
|   0|0x000000070a600000, 0x000000070a700000, 0x000000070a700000|100%| O|  |TAMS 0x000000070a700000, 0x000000070a600000| Untracked 
|   1|0x000000070a700000, 0x000000070a800000, 0x000000070a800000|100%| O|  |TAMS 0x000000070a800000, 0x000000070a700000| Untracked 
|   2|0x000000070a800000, 0x000000070a900000, 0x000000070a900000|100%| O|  |TAMS 0x000000070a812000, 0x000000070a800000| Untracked 
|   3|0x000000070a900000, 0x000000070aa00000, 0x000000070aa00000|100%|HS|  |TAMS 0x000000070a900000, 0x000000070a900000| Complete 
|   4|0x000000070aa00000, 0x000000070ab00000, 0x000000070ab00000|100%| O|  |TAMS 0x000000070aa00000, 0x000000070aa00000| Untracked 
|   5|0x000000070ab00000, 0x000000070ac00000, 0x000000070ac00000|100%| O|  |TAMS 0x000000070ab00000, 0x000000070ab00000| Untracked 
|   6|0x000000070ac00000, 0x000000070ac25e00, 0x000000070ad00000| 14%| O|  |TAMS 0x000000070ac00000, 0x000000070ac00000| Untracked 
|   7|0x000000070ad00000, 0x000000070ae00000, 0x000000070ae00000|100%|HS|  |TAMS 0x000000070ad00000, 0x000000070ad00000| Complete 
|   8|0x000000070ae00000, 0x000000070af00000, 0x000000070af00000|100%|HC|  |TAMS 0x000000070ae00000, 0x000000070ae00000| Complete 
|   9|0x000000070af00000, 0x000000070b000000, 0x000000070b000000|100%|HS|  |TAMS 0x000000070af00000, 0x000000070af00000| Complete 
|  10|0x000000070b000000, 0x000000070b100000, 0x000000070b100000|100%|HC|  |TAMS 0x000000070b000000, 0x000000070b000000| Complete 
|  11|0x000000070b100000, 0x000000070b200000, 0x000000070b200000|100%|HC|  |TAMS 0x000000070b100000, 0x000000070b100000| Complete 
|  12|0x000000070b200000, 0x000000070b300000, 0x000000070b300000|100%|HS|  |TAMS 0x000000070b200000, 0x000000070b200000| Complete 
|  13|0x000000070b300000, 0x000000070b400000, 0x000000070b400000|100%|HC|  |TAMS 0x000000070b300000, 0x000000070b300000| Complete 
|  14|0x000000070b400000, 0x000000070b500000, 0x000000070b500000|100%|HS|  |TAMS 0x000000070b400000, 0x000000070b400000| Complete 
|  15|0x000000070b500000, 0x000000070b600000, 0x000000070b600000|100%|HC|  |TAMS 0x000000070b500000, 0x000000070b500000| Complete 
|  16|0x000000070b600000, 0x000000070b700000, 0x000000070b700000|100%|HC|  |TAMS 0x000000070b600000, 0x000000070b600000| Complete 
|  17|0x000000070b700000, 0x000000070b700000, 0x000000070b800000|  0%| F|  |TAMS 0x000000070b700000, 0x000000070b700000| Untracked 
|  18|0x000000070b800000, 0x000000070b800000, 0x000000070b900000|  0%| F|  |TAMS 0x000000070b800000, 0x000000070b800000| Untracked 
|  19|0x000000070b900000, 0x000000070b900000, 0x000000070ba00000|  0%| F|  |TAMS 0x000000070b900000, 0x000000070b900000| Untracked 
|  20|0x000000070ba00000, 0x000000070ba00000, 0x000000070bb00000|  0%| F|  |TAMS 0x000000070ba00000, 0x000000070ba00000| Untracked 
|  21|0x000000070bb00000, 0x000000070bb00000, 0x000000070bc00000|  0%| F|  |TAMS 0x000000070bb00000, 0x000000070bb00000| Untracked 
|  22|0x000000070bc00000, 0x000000070bc00000, 0x000000070bd00000|  0%| F|  |TAMS 0x000000070bc00000, 0x000000070bc00000| Untracked 
|  23|0x000000070bd00000, 0x000000070bd00000, 0x000000070be00000|  0%| F|  |TAMS 0x000000070bd00000, 0x000000070bd00000| Untracked 
|  24|0x000000070be00000, 0x000000070be00000, 0x000000070bf00000|  0%| F|  |TAMS 0x000000070be00000, 0x000000070be00000| Untracked 
|  25|0x000000070bf00000, 0x000000070bf00000, 0x000000070c000000|  0%| F|  |TAMS 0x000000070bf00000, 0x000000070bf00000| Untracked 
|  26|0x000000070c000000, 0x000000070c000000, 0x000000070c100000|  0%| F|  |TAMS 0x000000070c000000, 0x000000070c000000| Untracked 
|  27|0x000000070c100000, 0x000000070c100000, 0x000000070c200000|  0%| F|  |TAMS 0x000000070c100000, 0x000000070c100000| Untracked 
|  28|0x000000070c200000, 0x000000070c200000, 0x000000070c300000|  0%| F|  |TAMS 0x000000070c200000, 0x000000070c200000| Untracked 
|  29|0x000000070c300000, 0x000000070c300000, 0x000000070c400000|  0%| F|  |TAMS 0x000000070c300000, 0x000000070c300000| Untracked 
|  30|0x000000070c400000, 0x000000070c400000, 0x000000070c500000|  0%| F|  |TAMS 0x000000070c400000, 0x000000070c400000| Untracked 
|  31|0x000000070c500000, 0x000000070c500000, 0x000000070c600000|  0%| F|  |TAMS 0x000000070c500000, 0x000000070c500000| Untracked 
|  32|0x000000070c600000, 0x000000070c600000, 0x000000070c700000|  0%| F|  |TAMS 0x000000070c600000, 0x000000070c600000| Untracked 
|  33|0x000000070c700000, 0x000000070c700000, 0x000000070c800000|  0%| F|  |TAMS 0x000000070c700000, 0x000000070c700000| Untracked 
|  34|0x000000070c800000, 0x000000070c800000, 0x000000070c900000|  0%| F|  |TAMS 0x000000070c800000, 0x000000070c800000| Untracked 
|  35|0x000000070c900000, 0x000000070c900000, 0x000000070ca00000|  0%| F|  |TAMS 0x000000070c900000, 0x000000070c900000| Untracked 
|  36|0x000000070ca00000, 0x000000070ca00000, 0x000000070cb00000|  0%| F|  |TAMS 0x000000070ca00000, 0x000000070ca00000| Untracked 
|  37|0x000000070cb00000, 0x000000070cb00000, 0x000000070cc00000|  0%| F|  |TAMS 0x000000070cb00000, 0x000000070cb00000| Untracked 
|  38|0x000000070cc00000, 0x000000070cc00000, 0x000000070cd00000|  0%| F|  |TAMS 0x000000070cc00000, 0x000000070cc00000| Untracked 
|  39|0x000000070cd00000, 0x000000070cd00000, 0x000000070ce00000|  0%| F|  |TAMS 0x000000070cd00000, 0x000000070cd00000| Untracked 
|  40|0x000000070ce00000, 0x000000070ce00000, 0x000000070cf00000|  0%| F|  |TAMS 0x000000070ce00000, 0x000000070ce00000| Untracked 
|  41|0x000000070cf00000, 0x000000070cf00000, 0x000000070d000000|  0%| F|  |TAMS 0x000000070cf00000, 0x000000070cf00000| Untracked 
|  42|0x000000070d000000, 0x000000070d000000, 0x000000070d100000|  0%| F|  |TAMS 0x000000070d000000, 0x000000070d000000| Untracked 
|  43|0x000000070d100000, 0x000000070d100000, 0x000000070d200000|  0%| F|  |TAMS 0x000000070d100000, 0x000000070d100000| Untracked 
|  44|0x000000070d200000, 0x000000070d200000, 0x000000070d300000|  0%| F|  |TAMS 0x000000070d200000, 0x000000070d200000| Untracked 
|  45|0x000000070d300000, 0x000000070d300000, 0x000000070d400000|  0%| F|  |TAMS 0x000000070d300000, 0x000000070d300000| Untracked 
|  46|0x000000070d400000, 0x000000070d400000, 0x000000070d500000|  0%| F|  |TAMS 0x000000070d400000, 0x000000070d400000| Untracked 
|  47|0x000000070d500000, 0x000000070d500000, 0x000000070d600000|  0%| F|  |TAMS 0x000000070d500000, 0x000000070d500000| Untracked 
|  48|0x000000070d600000, 0x000000070d600000, 0x000000070d700000|  0%| F|  |TAMS 0x000000070d600000, 0x000000070d600000| Untracked 
|  49|0x000000070d700000, 0x000000070d700000, 0x000000070d800000|  0%| F|  |TAMS 0x000000070d700000, 0x000000070d700000| Untracked 
|  50|0x000000070d800000, 0x000000070d800000, 0x000000070d900000|  0%| F|  |TAMS 0x000000070d800000, 0x000000070d800000| Untracked 
|  51|0x000000070d900000, 0x000000070d900000, 0x000000070da00000|  0%| F|  |TAMS 0x000000070d900000, 0x000000070d900000| Untracked 
|  52|0x000000070da00000, 0x000000070da00000, 0x000000070db00000|  0%| F|  |TAMS 0x000000070da00000, 0x000000070da00000| Untracked 
|  53|0x000000070db00000, 0x000000070db00000, 0x000000070dc00000|  0%| F|  |TAMS 0x000000070db00000, 0x000000070db00000| Untracked 
|  54|0x000000070dc00000, 0x000000070dc00000, 0x000000070dd00000|  0%| F|  |TAMS 0x000000070dc00000, 0x000000070dc00000| Untracked 
|  55|0x000000070dd00000, 0x000000070dd00000, 0x000000070de00000|  0%| F|  |TAMS 0x000000070dd00000, 0x000000070dd00000| Untracked 
|  56|0x000000070de00000, 0x000000070de00000, 0x000000070df00000|  0%| F|  |TAMS 0x000000070de00000, 0x000000070de00000| Untracked 
|  57|0x000000070df00000, 0x000000070df00000, 0x000000070e000000|  0%| F|  |TAMS 0x000000070df00000, 0x000000070df00000| Untracked 
|  58|0x000000070e000000, 0x000000070e000000, 0x000000070e100000|  0%| F|  |TAMS 0x000000070e000000, 0x000000070e000000| Untracked 
|  59|0x000000070e100000, 0x000000070e100000, 0x000000070e200000|  0%| F|  |TAMS 0x000000070e100000, 0x000000070e100000| Untracked 
|  60|0x000000070e200000, 0x000000070e200000, 0x000000070e300000|  0%| F|  |TAMS 0x000000070e200000, 0x000000070e200000| Untracked 
|  61|0x000000070e300000, 0x000000070e300000, 0x000000070e400000|  0%| F|  |TAMS 0x000000070e300000, 0x000000070e300000| Untracked 
|  62|0x000000070e400000, 0x000000070e400000, 0x000000070e500000|  0%| F|  |TAMS 0x000000070e400000, 0x000000070e400000| Untracked 
|  63|0x000000070e500000, 0x000000070e500000, 0x000000070e600000|  0%| F|  |TAMS 0x000000070e500000, 0x000000070e500000| Untracked 
|  64|0x000000070e600000, 0x000000070e600000, 0x000000070e700000|  0%| F|  |TAMS 0x000000070e600000, 0x000000070e600000| Untracked 
|  65|0x000000070e700000, 0x000000070e700000, 0x000000070e800000|  0%| F|  |TAMS 0x000000070e700000, 0x000000070e700000| Untracked 
|  66|0x000000070e800000, 0x000000070e800000, 0x000000070e900000|  0%| F|  |TAMS 0x000000070e800000, 0x000000070e800000| Untracked 
|  67|0x000000070e900000, 0x000000070e900000, 0x000000070ea00000|  0%| F|  |TAMS 0x000000070e900000, 0x000000070e900000| Untracked 
|  68|0x000000070ea00000, 0x000000070ea00000, 0x000000070eb00000|  0%| F|  |TAMS 0x000000070ea00000, 0x000000070ea00000| Untracked 
|  69|0x000000070eb00000, 0x000000070eb00000, 0x000000070ec00000|  0%| F|  |TAMS 0x000000070eb00000, 0x000000070eb00000| Untracked 
|  70|0x000000070ec00000, 0x000000070ec00000, 0x000000070ed00000|  0%| F|  |TAMS 0x000000070ec00000, 0x000000070ec00000| Untracked 
|  71|0x000000070ed00000, 0x000000070ed00000, 0x000000070ee00000|  0%| F|  |TAMS 0x000000070ed00000, 0x000000070ed00000| Untracked 
|  72|0x000000070ee00000, 0x000000070ee00000, 0x000000070ef00000|  0%| F|  |TAMS 0x000000070ee00000, 0x000000070ee00000| Untracked 
|  73|0x000000070ef00000, 0x000000070ef00000, 0x000000070f000000|  0%| F|  |TAMS 0x000000070ef00000, 0x000000070ef00000| Untracked 
|  74|0x000000070f000000, 0x000000070f000000, 0x000000070f100000|  0%| F|  |TAMS 0x000000070f000000, 0x000000070f000000| Untracked 
|  75|0x000000070f100000, 0x000000070f100000, 0x000000070f200000|  0%| F|  |TAMS 0x000000070f100000, 0x000000070f100000| Untracked 
|  76|0x000000070f200000, 0x000000070f200000, 0x000000070f300000|  0%| F|  |TAMS 0x000000070f200000, 0x000000070f200000| Untracked 
|  77|0x000000070f300000, 0x000000070f300000, 0x000000070f400000|  0%| F|  |TAMS 0x000000070f300000, 0x000000070f300000| Untracked 
|  78|0x000000070f400000, 0x000000070f400000, 0x000000070f500000|  0%| F|  |TAMS 0x000000070f400000, 0x000000070f400000| Untracked 
|  79|0x000000070f500000, 0x000000070f500000, 0x000000070f600000|  0%| F|  |TAMS 0x000000070f500000, 0x000000070f500000| Untracked 
|  80|0x000000070f600000, 0x000000070f600000, 0x000000070f700000|  0%| F|  |TAMS 0x000000070f600000, 0x000000070f600000| Untracked 
|  81|0x000000070f700000, 0x000000070f700000, 0x000000070f800000|  0%| F|  |TAMS 0x000000070f700000, 0x000000070f700000| Untracked 
|  82|0x000000070f800000, 0x000000070f800000, 0x000000070f900000|  0%| F|  |TAMS 0x000000070f800000, 0x000000070f800000| Untracked 
|  83|0x000000070f900000, 0x000000070f900000, 0x000000070fa00000|  0%| F|  |TAMS 0x000000070f900000, 0x000000070f900000| Untracked 
|  84|0x000000070fa00000, 0x000000070fa00000, 0x000000070fb00000|  0%| F|  |TAMS 0x000000070fa00000, 0x000000070fa00000| Untracked 
|  85|0x000000070fb00000, 0x000000070fb00000, 0x000000070fc00000|  0%| F|  |TAMS 0x000000070fb00000, 0x000000070fb00000| Untracked 
|  86|0x000000070fc00000, 0x000000070fc00000, 0x000000070fd00000|  0%| F|  |TAMS 0x000000070fc00000, 0x000000070fc00000| Untracked 
|  87|0x000000070fd00000, 0x000000070fd00000, 0x000000070fe00000|  0%| F|  |TAMS 0x000000070fd00000, 0x000000070fd00000| Untracked 
|  88|0x000000070fe00000, 0x000000070fe00000, 0x000000070ff00000|  0%| F|  |TAMS 0x000000070fe00000, 0x000000070fe00000| Untracked 
|  89|0x000000070ff00000, 0x000000070ff00000, 0x0000000710000000|  0%| F|  |TAMS 0x000000070ff00000, 0x000000070ff00000| Untracked 
|  90|0x0000000710000000, 0x0000000710000000, 0x0000000710100000|  0%| F|  |TAMS 0x0000000710000000, 0x0000000710000000| Untracked 
|  91|0x0000000710100000, 0x0000000710100000, 0x0000000710200000|  0%| F|  |TAMS 0x0000000710100000, 0x0000000710100000| Untracked 
|  92|0x0000000710200000, 0x0000000710200000, 0x0000000710300000|  0%| F|  |TAMS 0x0000000710200000, 0x0000000710200000| Untracked 
|  93|0x0000000710300000, 0x0000000710300000, 0x0000000710400000|  0%| F|  |TAMS 0x0000000710300000, 0x0000000710300000| Untracked 
|  94|0x0000000710400000, 0x0000000710400000, 0x0000000710500000|  0%| F|  |TAMS 0x0000000710400000, 0x0000000710400000| Untracked 
|  95|0x0000000710500000, 0x0000000710500000, 0x0000000710600000|  0%| F|  |TAMS 0x0000000710500000, 0x0000000710500000| Untracked 
|  96|0x0000000710600000, 0x0000000710600000, 0x0000000710700000|  0%| F|  |TAMS 0x0000000710600000, 0x0000000710600000| Untracked 
|  97|0x0000000710700000, 0x0000000710700000, 0x0000000710800000|  0%| F|  |TAMS 0x0000000710700000, 0x0000000710700000| Untracked 
|  98|0x0000000710800000, 0x0000000710800000, 0x0000000710900000|  0%| F|  |TAMS 0x0000000710800000, 0x0000000710800000| Untracked 
|  99|0x0000000710900000, 0x0000000710900000, 0x0000000710a00000|  0%| F|  |TAMS 0x0000000710900000, 0x0000000710900000| Untracked 
| 100|0x0000000710a00000, 0x0000000710a00000, 0x0000000710b00000|  0%| F|  |TAMS 0x0000000710a00000, 0x0000000710a00000| Untracked 
| 101|0x0000000710b00000, 0x0000000710b00000, 0x0000000710c00000|  0%| F|  |TAMS 0x0000000710b00000, 0x0000000710b00000| Untracked 
| 102|0x0000000710c00000, 0x0000000710c00000, 0x0000000710d00000|  0%| F|  |TAMS 0x0000000710c00000, 0x0000000710c00000| Untracked 
| 103|0x0000000710d00000, 0x0000000710d00000, 0x0000000710e00000|  0%| F|  |TAMS 0x0000000710d00000, 0x0000000710d00000| Untracked 
| 104|0x0000000710e00000, 0x0000000710e00000, 0x0000000710f00000|  0%| F|  |TAMS 0x0000000710e00000, 0x0000000710e00000| Untracked 
| 105|0x0000000710f00000, 0x0000000710f00000, 0x0000000711000000|  0%| F|  |TAMS 0x0000000710f00000, 0x0000000710f00000| Untracked 
| 106|0x0000000711000000, 0x0000000711000000, 0x0000000711100000|  0%| F|  |TAMS 0x0000000711000000, 0x0000000711000000| Untracked 
| 107|0x0000000711100000, 0x0000000711100000, 0x0000000711200000|  0%| F|  |TAMS 0x0000000711100000, 0x0000000711100000| Untracked 
| 108|0x0000000711200000, 0x0000000711200000, 0x0000000711300000|  0%| F|  |TAMS 0x0000000711200000, 0x0000000711200000| Untracked 
| 109|0x0000000711300000, 0x0000000711300000, 0x0000000711400000|  0%| F|  |TAMS 0x0000000711300000, 0x0000000711300000| Untracked 
| 110|0x0000000711400000, 0x0000000711400000, 0x0000000711500000|  0%| F|  |TAMS 0x0000000711400000, 0x0000000711400000| Untracked 
| 111|0x0000000711500000, 0x0000000711500000, 0x0000000711600000|  0%| F|  |TAMS 0x0000000711500000, 0x0000000711500000| Untracked 
| 112|0x0000000711600000, 0x0000000711600000, 0x0000000711700000|  0%| F|  |TAMS 0x0000000711600000, 0x0000000711600000| Untracked 
| 113|0x0000000711700000, 0x0000000711700000, 0x0000000711800000|  0%| F|  |TAMS 0x0000000711700000, 0x0000000711700000| Untracked 
| 114|0x0000000711800000, 0x0000000711800000, 0x0000000711900000|  0%| F|  |TAMS 0x0000000711800000, 0x0000000711800000| Untracked 
| 115|0x0000000711900000, 0x0000000711900000, 0x0000000711a00000|  0%| F|  |TAMS 0x0000000711900000, 0x0000000711900000| Untracked 
| 116|0x0000000711a00000, 0x0000000711a00000, 0x0000000711b00000|  0%| F|  |TAMS 0x0000000711a00000, 0x0000000711a00000| Untracked 
| 117|0x0000000711b00000, 0x0000000711b00000, 0x0000000711c00000|  0%| F|  |TAMS 0x0000000711b00000, 0x0000000711b00000| Untracked 
| 118|0x0000000711c00000, 0x0000000711c00000, 0x0000000711d00000|  0%| F|  |TAMS 0x0000000711c00000, 0x0000000711c00000| Untracked 
| 119|0x0000000711d00000, 0x0000000711d00000, 0x0000000711e00000|  0%| F|  |TAMS 0x0000000711d00000, 0x0000000711d00000| Untracked 
| 120|0x0000000711e00000, 0x0000000711e00000, 0x0000000711f00000|  0%| F|  |TAMS 0x0000000711e00000, 0x0000000711e00000| Untracked 
| 121|0x0000000711f00000, 0x0000000711f00000, 0x0000000712000000|  0%| F|  |TAMS 0x0000000711f00000, 0x0000000711f00000| Untracked 
| 122|0x0000000712000000, 0x0000000712000000, 0x0000000712100000|  0%| F|  |TAMS 0x0000000712000000, 0x0000000712000000| Untracked 
| 123|0x0000000712100000, 0x0000000712100000, 0x0000000712200000|  0%| F|  |TAMS 0x0000000712100000, 0x0000000712100000| Untracked 
| 124|0x0000000712200000, 0x0000000712200000, 0x0000000712300000|  0%| F|  |TAMS 0x0000000712200000, 0x0000000712200000| Untracked 
| 125|0x0000000712300000, 0x0000000712300000, 0x0000000712400000|  0%| F|  |TAMS 0x0000000712300000, 0x0000000712300000| Untracked 
| 126|0x0000000712400000, 0x0000000712400000, 0x0000000712500000|  0%| F|  |TAMS 0x0000000712400000, 0x0000000712400000| Untracked 
| 127|0x0000000712500000, 0x0000000712500000, 0x0000000712600000|  0%| F|  |TAMS 0x0000000712500000, 0x0000000712500000| Untracked 
| 128|0x0000000712600000, 0x0000000712600000, 0x0000000712700000|  0%| F|  |TAMS 0x0000000712600000, 0x0000000712600000| Untracked 
| 129|0x0000000712700000, 0x0000000712700000, 0x0000000712800000|  0%| F|  |TAMS 0x0000000712700000, 0x0000000712700000| Untracked 
| 130|0x0000000712800000, 0x0000000712800000, 0x0000000712900000|  0%| F|  |TAMS 0x0000000712800000, 0x0000000712800000| Untracked 
| 131|0x0000000712900000, 0x0000000712900000, 0x0000000712a00000|  0%| F|  |TAMS 0x0000000712900000, 0x0000000712900000| Untracked 
| 132|0x0000000712a00000, 0x0000000712a00000, 0x0000000712b00000|  0%| F|  |TAMS 0x0000000712a00000, 0x0000000712a00000| Untracked 
| 133|0x0000000712b00000, 0x0000000712b00000, 0x0000000712c00000|  0%| F|  |TAMS 0x0000000712b00000, 0x0000000712b00000| Untracked 
| 134|0x0000000712c00000, 0x0000000712c00000, 0x0000000712d00000|  0%| F|  |TAMS 0x0000000712c00000, 0x0000000712c00000| Untracked 
| 135|0x0000000712d00000, 0x0000000712d00000, 0x0000000712e00000|  0%| F|  |TAMS 0x0000000712d00000, 0x0000000712d00000| Untracked 
| 136|0x0000000712e00000, 0x0000000712e00000, 0x0000000712f00000|  0%| F|  |TAMS 0x0000000712e00000, 0x0000000712e00000| Untracked 
| 137|0x0000000712f00000, 0x0000000712f00000, 0x0000000713000000|  0%| F|  |TAMS 0x0000000712f00000, 0x0000000712f00000| Untracked 
| 138|0x0000000713000000, 0x0000000713000000, 0x0000000713100000|  0%| F|  |TAMS 0x0000000713000000, 0x0000000713000000| Untracked 
| 139|0x0000000713100000, 0x0000000713100000, 0x0000000713200000|  0%| F|  |TAMS 0x0000000713100000, 0x0000000713100000| Untracked 
| 140|0x0000000713200000, 0x0000000713200000, 0x0000000713300000|  0%| F|  |TAMS 0x0000000713200000, 0x0000000713200000| Untracked 
| 141|0x0000000713300000, 0x0000000713300000, 0x0000000713400000|  0%| F|  |TAMS 0x0000000713300000, 0x0000000713300000| Untracked 
| 142|0x0000000713400000, 0x0000000713400000, 0x0000000713500000|  0%| F|  |TAMS 0x0000000713400000, 0x0000000713400000| Untracked 
| 143|0x0000000713500000, 0x0000000713500000, 0x0000000713600000|  0%| F|  |TAMS 0x0000000713500000, 0x0000000713500000| Untracked 
| 144|0x0000000713600000, 0x0000000713600000, 0x0000000713700000|  0%| F|  |TAMS 0x0000000713600000, 0x0000000713600000| Untracked 
| 145|0x0000000713700000, 0x0000000713700000, 0x0000000713800000|  0%| F|  |TAMS 0x0000000713700000, 0x0000000713700000| Untracked 
| 146|0x0000000713800000, 0x0000000713800000, 0x0000000713900000|  0%| F|  |TAMS 0x0000000713800000, 0x0000000713800000| Untracked 
| 147|0x0000000713900000, 0x0000000713900000, 0x0000000713a00000|  0%| F|  |TAMS 0x0000000713900000, 0x0000000713900000| Untracked 
| 148|0x0000000713a00000, 0x0000000713a00000, 0x0000000713b00000|  0%| F|  |TAMS 0x0000000713a00000, 0x0000000713a00000| Untracked 
| 149|0x0000000713b00000, 0x0000000713b00000, 0x0000000713c00000|  0%| F|  |TAMS 0x0000000713b00000, 0x0000000713b00000| Untracked 
| 150|0x0000000713c00000, 0x0000000713c00000, 0x0000000713d00000|  0%| F|  |TAMS 0x0000000713c00000, 0x0000000713c00000| Untracked 
| 151|0x0000000713d00000, 0x0000000713d00000, 0x0000000713e00000|  0%| F|  |TAMS 0x0000000713d00000, 0x0000000713d00000| Untracked 
| 152|0x0000000713e00000, 0x0000000713e00000, 0x0000000713f00000|  0%| F|  |TAMS 0x0000000713e00000, 0x0000000713e00000| Untracked 
| 153|0x0000000713f00000, 0x0000000713f00000, 0x0000000714000000|  0%| F|  |TAMS 0x0000000713f00000, 0x0000000713f00000| Untracked 
| 154|0x0000000714000000, 0x0000000714000000, 0x0000000714100000|  0%| F|  |TAMS 0x0000000714000000, 0x0000000714000000| Untracked 
| 155|0x0000000714100000, 0x0000000714100000, 0x0000000714200000|  0%| F|  |TAMS 0x0000000714100000, 0x0000000714100000| Untracked 
| 156|0x0000000714200000, 0x0000000714200000, 0x0000000714300000|  0%| F|  |TAMS 0x0000000714200000, 0x0000000714200000| Untracked 
| 157|0x0000000714300000, 0x0000000714300000, 0x0000000714400000|  0%| F|  |TAMS 0x0000000714300000, 0x0000000714300000| Untracked 
| 158|0x0000000714400000, 0x0000000714400000, 0x0000000714500000|  0%| F|  |TAMS 0x0000000714400000, 0x0000000714400000| Untracked 
| 159|0x0000000714500000, 0x0000000714500000, 0x0000000714600000|  0%| F|  |TAMS 0x0000000714500000, 0x0000000714500000| Untracked 
| 160|0x0000000714600000, 0x0000000714600000, 0x0000000714700000|  0%| F|  |TAMS 0x0000000714600000, 0x0000000714600000| Untracked 
| 161|0x0000000714700000, 0x0000000714700000, 0x0000000714800000|  0%| F|  |TAMS 0x0000000714700000, 0x0000000714700000| Untracked 
| 162|0x0000000714800000, 0x0000000714800000, 0x0000000714900000|  0%| F|  |TAMS 0x0000000714800000, 0x0000000714800000| Untracked 
| 163|0x0000000714900000, 0x0000000714900000, 0x0000000714a00000|  0%| F|  |TAMS 0x0000000714900000, 0x0000000714900000| Untracked 
| 164|0x0000000714a00000, 0x0000000714a00000, 0x0000000714b00000|  0%| F|  |TAMS 0x0000000714a00000, 0x0000000714a00000| Untracked 
| 165|0x0000000714b00000, 0x0000000714b00000, 0x0000000714c00000|  0%| F|  |TAMS 0x0000000714b00000, 0x0000000714b00000| Untracked 
| 166|0x0000000714c00000, 0x0000000714c00000, 0x0000000714d00000|  0%| F|  |TAMS 0x0000000714c00000, 0x0000000714c00000| Untracked 
| 167|0x0000000714d00000, 0x0000000714d00000, 0x0000000714e00000|  0%| F|  |TAMS 0x0000000714d00000, 0x0000000714d00000| Untracked 
| 168|0x0000000714e00000, 0x0000000714e00000, 0x0000000714f00000|  0%| F|  |TAMS 0x0000000714e00000, 0x0000000714e00000| Untracked 
| 169|0x0000000714f00000, 0x0000000714f00000, 0x0000000715000000|  0%| F|  |TAMS 0x0000000714f00000, 0x0000000714f00000| Untracked 
| 170|0x0000000715000000, 0x0000000715000000, 0x0000000715100000|  0%| F|  |TAMS 0x0000000715000000, 0x0000000715000000| Untracked 
| 171|0x0000000715100000, 0x0000000715100000, 0x0000000715200000|  0%| F|  |TAMS 0x0000000715100000, 0x0000000715100000| Untracked 
| 172|0x0000000715200000, 0x0000000715200000, 0x0000000715300000|  0%| F|  |TAMS 0x0000000715200000, 0x0000000715200000| Untracked 
| 173|0x0000000715300000, 0x0000000715400000, 0x0000000715400000|100%| E|  |TAMS 0x0000000715300000, 0x0000000715300000| Complete 
| 174|0x0000000715400000, 0x0000000715500000, 0x0000000715500000|100%| E|CS|TAMS 0x0000000715400000, 0x0000000715400000| Complete 
| 175|0x0000000715500000, 0x0000000715600000, 0x0000000715600000|100%| E|CS|TAMS 0x0000000715500000, 0x0000000715500000| Complete 
| 176|0x0000000715600000, 0x0000000715700000, 0x0000000715700000|100%| E|CS|TAMS 0x0000000715600000, 0x0000000715600000| Complete 
| 177|0x0000000715700000, 0x0000000715800000, 0x0000000715800000|100%| E|CS|TAMS 0x0000000715700000, 0x0000000715700000| Complete 
| 178|0x0000000715800000, 0x0000000715900000, 0x0000000715900000|100%| E|CS|TAMS 0x0000000715800000, 0x0000000715800000| Complete 
| 179|0x0000000715900000, 0x0000000715a00000, 0x0000000715a00000|100%| E|CS|TAMS 0x0000000715900000, 0x0000000715900000| Complete 
| 180|0x0000000715a00000, 0x0000000715b00000, 0x0000000715b00000|100%| E|CS|TAMS 0x0000000715a00000, 0x0000000715a00000| Complete 
| 181|0x0000000715b00000, 0x0000000715c00000, 0x0000000715c00000|100%| E|CS|TAMS 0x0000000715b00000, 0x0000000715b00000| Complete 
| 182|0x0000000715c00000, 0x0000000715d00000, 0x0000000715d00000|100%| E|CS|TAMS 0x0000000715c00000, 0x0000000715c00000| Complete 
| 183|0x0000000715d00000, 0x0000000715e00000, 0x0000000715e00000|100%| E|CS|TAMS 0x0000000715d00000, 0x0000000715d00000| Complete 
| 184|0x0000000715e00000, 0x0000000715f00000, 0x0000000715f00000|100%| E|CS|TAMS 0x0000000715e00000, 0x0000000715e00000| Complete 
| 185|0x0000000715f00000, 0x0000000716000000, 0x0000000716000000|100%| E|CS|TAMS 0x0000000715f00000, 0x0000000715f00000| Complete 
| 186|0x0000000716000000, 0x0000000716100000, 0x0000000716100000|100%| E|CS|TAMS 0x0000000716000000, 0x0000000716000000| Complete 
| 187|0x0000000716100000, 0x0000000716200000, 0x0000000716200000|100%| E|CS|TAMS 0x0000000716100000, 0x0000000716100000| Complete 
| 188|0x0000000716200000, 0x0000000716300000, 0x0000000716300000|100%| E|CS|TAMS 0x0000000716200000, 0x0000000716200000| Complete 
| 189|0x0000000716300000, 0x0000000716400000, 0x0000000716400000|100%| E|CS|TAMS 0x0000000716300000, 0x0000000716300000| Complete 
| 190|0x0000000716400000, 0x0000000716500000, 0x0000000716500000|100%| E|CS|TAMS 0x0000000716400000, 0x0000000716400000| Complete 
| 191|0x0000000716500000, 0x0000000716600000, 0x0000000716600000|100%| E|CS|TAMS 0x0000000716500000, 0x0000000716500000| Complete 
| 192|0x0000000716600000, 0x0000000716700000, 0x0000000716700000|100%| E|CS|TAMS 0x0000000716600000, 0x0000000716600000| Complete 
| 193|0x0000000716700000, 0x0000000716800000, 0x0000000716800000|100%| E|CS|TAMS 0x0000000716700000, 0x0000000716700000| Complete 
| 194|0x0000000716800000, 0x0000000716900000, 0x0000000716900000|100%| E|CS|TAMS 0x0000000716800000, 0x0000000716800000| Complete 
| 195|0x0000000716900000, 0x0000000716a00000, 0x0000000716a00000|100%| E|CS|TAMS 0x0000000716900000, 0x0000000716900000| Complete 
| 196|0x0000000716a00000, 0x0000000716b00000, 0x0000000716b00000|100%| E|CS|TAMS 0x0000000716a00000, 0x0000000716a00000| Complete 
| 197|0x0000000716b00000, 0x0000000716c00000, 0x0000000716c00000|100%| E|CS|TAMS 0x0000000716b00000, 0x0000000716b00000| Complete 
| 198|0x0000000716c00000, 0x0000000716d00000, 0x0000000716d00000|100%| E|CS|TAMS 0x0000000716c00000, 0x0000000716c00000| Complete 
| 199|0x0000000716d00000, 0x0000000716e00000, 0x0000000716e00000|100%| E|CS|TAMS 0x0000000716d00000, 0x0000000716d00000| Complete 
| 200|0x0000000716e00000, 0x0000000716f00000, 0x0000000716f00000|100%| E|CS|TAMS 0x0000000716e00000, 0x0000000716e00000| Complete 
| 201|0x0000000716f00000, 0x0000000717000000, 0x0000000717000000|100%| E|CS|TAMS 0x0000000716f00000, 0x0000000716f00000| Complete 
| 202|0x0000000717000000, 0x000000071700cc00, 0x0000000717100000|  4%| S|CS|TAMS 0x0000000717000000, 0x0000000717000000| Complete 
| 203|0x0000000717100000, 0x0000000717200000, 0x0000000717200000|100%| S|CS|TAMS 0x0000000717100000, 0x0000000717100000| Complete 
| 204|0x0000000717200000, 0x0000000717300000, 0x0000000717300000|100%| S|CS|TAMS 0x0000000717200000, 0x0000000717200000| Complete 
| 205|0x0000000717300000, 0x0000000717400000, 0x0000000717400000|100%| S|CS|TAMS 0x0000000717300000, 0x0000000717300000| Complete 
| 206|0x0000000717400000, 0x0000000717500000, 0x0000000717500000|100%| E|CS|TAMS 0x0000000717400000, 0x0000000717400000| Complete 
| 207|0x0000000717500000, 0x0000000717600000, 0x0000000717600000|100%| E|CS|TAMS 0x0000000717500000, 0x0000000717500000| Complete 
| 208|0x0000000717600000, 0x0000000717700000, 0x0000000717700000|100%| E|CS|TAMS 0x0000000717600000, 0x0000000717600000| Complete 
| 209|0x0000000717700000, 0x0000000717800000, 0x0000000717800000|100%| E|CS|TAMS 0x0000000717700000, 0x0000000717700000| Complete 
| 210|0x0000000717800000, 0x0000000717900000, 0x0000000717900000|100%| E|CS|TAMS 0x0000000717800000, 0x0000000717800000| Complete 
| 211|0x0000000717900000, 0x0000000717a00000, 0x0000000717a00000|100%| E|CS|TAMS 0x0000000717900000, 0x0000000717900000| Complete 
| 212|0x0000000717a00000, 0x0000000717b00000, 0x0000000717b00000|100%| E|CS|TAMS 0x0000000717a00000, 0x0000000717a00000| Complete 
| 213|0x0000000717b00000, 0x0000000717c00000, 0x0000000717c00000|100%| E|CS|TAMS 0x0000000717b00000, 0x0000000717b00000| Complete 
| 214|0x0000000717c00000, 0x0000000717d00000, 0x0000000717d00000|100%| E|CS|TAMS 0x0000000717c00000, 0x0000000717c00000| Complete 
| 215|0x0000000717d00000, 0x0000000717e00000, 0x0000000717e00000|100%| E|CS|TAMS 0x0000000717d00000, 0x0000000717d00000| Complete 
| 216|0x0000000717e00000, 0x0000000717f00000, 0x0000000717f00000|100%| E|CS|TAMS 0x0000000717e00000, 0x0000000717e00000| Complete 
| 217|0x0000000717f00000, 0x0000000718000000, 0x0000000718000000|100%| E|CS|TAMS 0x0000000717f00000, 0x0000000717f00000| Complete 
| 218|0x0000000718000000, 0x0000000718100000, 0x0000000718100000|100%| E|CS|TAMS 0x0000000718000000, 0x0000000718000000| Complete 
| 219|0x0000000718100000, 0x0000000718200000, 0x0000000718200000|100%| E|CS|TAMS 0x0000000718100000, 0x0000000718100000| Complete 
| 220|0x0000000718200000, 0x0000000718300000, 0x0000000718300000|100%| E|CS|TAMS 0x0000000718200000, 0x0000000718200000| Complete 
| 221|0x0000000718300000, 0x0000000718400000, 0x0000000718400000|100%| E|CS|TAMS 0x0000000718300000, 0x0000000718300000| Complete 
| 222|0x0000000718400000, 0x0000000718500000, 0x0000000718500000|100%| E|CS|TAMS 0x0000000718400000, 0x0000000718400000| Complete 
| 223|0x0000000718500000, 0x0000000718600000, 0x0000000718600000|100%| E|CS|TAMS 0x0000000718500000, 0x0000000718500000| Complete 
| 224|0x0000000718600000, 0x0000000718700000, 0x0000000718700000|100%| E|CS|TAMS 0x0000000718600000, 0x0000000718600000| Complete 
| 225|0x0000000718700000, 0x0000000718800000, 0x0000000718800000|100%| E|CS|TAMS 0x0000000718700000, 0x0000000718700000| Complete 
| 226|0x0000000718800000, 0x0000000718900000, 0x0000000718900000|100%| E|CS|TAMS 0x0000000718800000, 0x0000000718800000| Complete 
| 227|0x0000000718900000, 0x0000000718a00000, 0x0000000718a00000|100%| E|CS|TAMS 0x0000000718900000, 0x0000000718900000| Complete 
| 228|0x0000000718a00000, 0x0000000718b00000, 0x0000000718b00000|100%| E|CS|TAMS 0x0000000718a00000, 0x0000000718a00000| Complete 
| 229|0x0000000718b00000, 0x0000000718c00000, 0x0000000718c00000|100%| E|CS|TAMS 0x0000000718b00000, 0x0000000718b00000| Complete 
| 230|0x0000000718c00000, 0x0000000718d00000, 0x0000000718d00000|100%| E|CS|TAMS 0x0000000718c00000, 0x0000000718c00000| Complete 
| 231|0x0000000718d00000, 0x0000000718e00000, 0x0000000718e00000|100%| E|CS|TAMS 0x0000000718d00000, 0x0000000718d00000| Complete 
| 232|0x0000000718e00000, 0x0000000718f00000, 0x0000000718f00000|100%| E|CS|TAMS 0x0000000718e00000, 0x0000000718e00000| Complete 
| 233|0x0000000718f00000, 0x0000000719000000, 0x0000000719000000|100%| E|CS|TAMS 0x0000000718f00000, 0x0000000718f00000| Complete 
| 234|0x0000000719000000, 0x0000000719100000, 0x0000000719100000|100%| E|CS|TAMS 0x0000000719000000, 0x0000000719000000| Complete 
| 235|0x0000000719100000, 0x0000000719200000, 0x0000000719200000|100%| E|CS|TAMS 0x0000000719100000, 0x0000000719100000| Complete 
| 236|0x0000000719200000, 0x0000000719300000, 0x0000000719300000|100%| E|CS|TAMS 0x0000000719200000, 0x0000000719200000| Complete 
| 237|0x0000000719300000, 0x0000000719400000, 0x0000000719400000|100%| E|CS|TAMS 0x0000000719300000, 0x0000000719300000| Complete 
| 238|0x0000000719400000, 0x0000000719500000, 0x0000000719500000|100%| E|CS|TAMS 0x0000000719400000, 0x0000000719400000| Complete 
| 239|0x0000000719500000, 0x0000000719600000, 0x0000000719600000|100%| E|CS|TAMS 0x0000000719500000, 0x0000000719500000| Complete 
| 240|0x0000000719600000, 0x0000000719700000, 0x0000000719700000|100%| E|CS|TAMS 0x0000000719600000, 0x0000000719600000| Complete 
| 241|0x0000000719700000, 0x0000000719800000, 0x0000000719800000|100%| E|CS|TAMS 0x0000000719700000, 0x0000000719700000| Complete 
| 242|0x0000000719800000, 0x0000000719900000, 0x0000000719900000|100%| E|CS|TAMS 0x0000000719800000, 0x0000000719800000| Complete 
| 243|0x0000000719900000, 0x0000000719a00000, 0x0000000719a00000|100%| E|CS|TAMS 0x0000000719900000, 0x0000000719900000| Complete 
| 244|0x0000000719a00000, 0x0000000719b00000, 0x0000000719b00000|100%| E|CS|TAMS 0x0000000719a00000, 0x0000000719a00000| Complete 
| 245|0x0000000719b00000, 0x0000000719c00000, 0x0000000719c00000|100%| E|CS|TAMS 0x0000000719b00000, 0x0000000719b00000| Complete 

Card table byte_map: [0x00000173807b0000,0x0000017380f60000] _byte_map_base: 0x000001737cf5d000

Marking Bits (Prev, Next): (CMBitMap*) 0x00000173e81601c0, (CMBitMap*) 0x00000173e8160188
 Prev Bits: [0x0000017385480000, 0x00000173891e8000)
 Next Bits: [0x0000017381710000, 0x0000017385478000)

Polling page: 0x00000173e6090000

Metaspace:

Usage:
  Non-class:     27.39 MB capacity,    27.05 MB ( 99%) used,   272.31 KB ( <1%) free+waste,    72.69 KB ( <1%) overhead. 
      Class:      3.54 MB capacity,     3.28 MB ( 93%) used,   232.05 KB (  6%) free+waste,    35.00 KB ( <1%) overhead. 
       Both:     30.92 MB capacity,    30.33 MB ( 98%) used,   504.37 KB (  2%) free+waste,   107.69 KB ( <1%) overhead. 

Virtual space:
  Non-class space:       28.00 MB reserved,      27.50 MB ( 98%) committed 
      Class space:        1.00 GB reserved,       3.63 MB ( <1%) committed 
             Both:        1.03 GB reserved,      31.13 MB (  3%) committed 

Chunk freelists:
   Non-Class:  6.25 KB
       Class:  3.38 KB
        Both:  9.63 KB

CodeHeap 'non-profiled nmethods': size=120000Kb used=2983Kb max_used=2983Kb free=117016Kb
 bounds [0x00000173f7f00000, 0x00000173f81f0000, 0x00000173ff430000]
CodeHeap 'profiled nmethods': size=120000Kb used=11048Kb max_used=11048Kb free=108951Kb
 bounds [0x00000173f09d0000, 0x00000173f14a0000, 0x00000173f7f00000]
CodeHeap 'non-nmethods': size=5760Kb used=1319Kb max_used=1354Kb free=4440Kb
 bounds [0x00000173f0430000, 0x00000173f06a0000, 0x00000173f09d0000]
 total_blobs=6961 nmethods=4811 adapters=623
 compilation: enabled
              stopped_count=0, restarted_count=0
 full_count=0

Compilation events (10 events):
Event: 222.210 Thread 0x000001738c1c9800 nmethod 4820 0x00000173f1495290 code [0x00000173f1495480, 0x00000173f1495610]
Event: 222.212 Thread 0x000001738c21f800 4821       4       sun.awt.image.SunVolatileImage::createSurfaceManager (52 bytes)
Event: 222.220 Thread 0x000001738c21f800 nmethod 4821 0x00000173f81e4910 code [0x00000173f81e4b80, 0x00000173f81e5848]
Event: 222.763 Thread 0x000001738c1c9800 4822       3       java.awt.geom.AffineTransform::createInverse (543 bytes)
Event: 222.763 Thread 0x000001738c1c9800 nmethod 4822 0x00000173f1495690 code [0x00000173f1495ae0, 0x00000173f14970a0]
Event: 222.774 Thread 0x000001738c21f800 4823       4       sun.java2d.SurfaceData::validatePipe (785 bytes)
Event: 222.775 Thread 0x000001738c1c9800 4824       3       sun.java2d.d3d.D3DSurfaceData::getMaskFill (35 bytes)
Event: 222.776 Thread 0x000001738c1c9800 nmethod 4824 0x00000173f1497590 code [0x00000173f14977a0, 0x00000173f1497cc0]
Event: 222.811 Thread 0x000001738c21f800 nmethod 4823 0x00000173f81e6010 code [0x00000173f81e6360, 0x00000173f81e89b0]
Event: 222.825 Thread 0x000001738c21f800 4825       4       sun.swing.CachedPainter::getImage (474 bytes)

GC Heap History (6 events):
Event: 0.800 GC heap before
{Heap before GC invocations=0 (full 0):
 garbage-first heap   total 251904K, used 21504K [0x000000070a600000, 0x0000000800000000)
  region size 1024K, 23 young (23552K), 0 survivors (0K)
 Metaspace       used 20563K, capacity 21075K, committed 21248K, reserved 1069056K
  class space    used 2196K, capacity 2441K, committed 2560K, reserved 1048576K
}
Event: 0.812 GC heap after
{Heap after GC invocations=1 (full 0):
 garbage-first heap   total 251904K, used 5192K [0x000000070a600000, 0x0000000800000000)
  region size 1024K, 3 young (3072K), 3 survivors (3072K)
 Metaspace       used 20563K, capacity 21075K, committed 21248K, reserved 1069056K
  class space    used 2196K, capacity 2441K, committed 2560K, reserved 1048576K
}
Event: 1.079 GC heap before
{Heap before GC invocations=2 (full 0):
 garbage-first heap   total 251904K, used 15432K [0x000000070a600000, 0x0000000800000000)
  region size 1024K, 12 young (12288K), 3 survivors (3072K)
 Metaspace       used 22936K, capacity 23513K, committed 23808K, reserved 1071104K
  class space    used 2455K, capacity 2723K, committed 2816K, reserved 1048576K
}
Event: 1.082 GC heap after
{Heap after GC invocations=3 (full 0):
 garbage-first heap   total 251904K, used 7835K [0x000000070a600000, 0x0000000800000000)
  region size 1024K, 2 young (2048K), 2 survivors (2048K)
 Metaspace       used 22936K, capacity 23513K, committed 23808K, reserved 1071104K
  class space    used 2455K, capacity 2723K, committed 2816K, reserved 1048576K
}
Event: 61.766 GC heap before
{Heap before GC invocations=3 (full 0):
 garbage-first heap   total 251904K, used 53915K [0x000000070a600000, 0x0000000800000000)
  region size 1024K, 40 young (40960K), 2 survivors (2048K)
 Metaspace       used 29724K, capacity 30326K, committed 30464K, reserved 1077248K
  class space    used 3259K, capacity 3516K, committed 3584K, reserved 1048576K
}
Event: 61.769 GC heap after
{Heap after GC invocations=4 (full 0):
 garbage-first heap   total 251904K, used 16586K [0x000000070a600000, 0x0000000800000000)
  region size 1024K, 4 young (4096K), 4 survivors (4096K)
 Metaspace       used 29724K, capacity 30326K, committed 30464K, reserved 1077248K
  class space    used 3259K, capacity 3516K, committed 3584K, reserved 1048576K
}

Deoptimization events (10 events):
Event: 222.210 Thread 0x000001738c7e7800 Uncommon trap: reason=class_check action=maybe_recompile pc=0x00000173f8128274 method=sun.java2d.SurfaceData.validatePipe(Lsun/java2d/SunGraphics2D;)V @ 563 c2
Event: 222.211 Thread 0x000001738c7e7800 Uncommon trap: reason=class_check action=maybe_recompile pc=0x00000173f8128274 method=sun.java2d.SurfaceData.validatePipe(Lsun/java2d/SunGraphics2D;)V @ 563 c2
Event: 222.211 Thread 0x000001738c7e7800 Uncommon trap: reason=class_check action=maybe_recompile pc=0x00000173f81990e0 method=sun.java2d.SunGraphics2D.drawHiDPIImage(Ljava/awt/Image;IIIIIIIILjava/awt/Color;Ljava/awt/image/ImageObserver;Ljava/awt/geom/AffineTransform;)Ljava/lang/Boolean; @ 330 c
Event: 222.212 Thread 0x000001738c7e7800 Uncommon trap: reason=class_check action=maybe_recompile pc=0x00000173f81d7144 method=sun.swing.CachedPainter.getImage(Ljava/lang/Object;Ljava/awt/Component;IIII[Ljava/lang/Object;)Ljava/awt/Image; @ 370 c2
Event: 222.212 Thread 0x000001738c7e7800 Uncommon trap: reason=class_check action=maybe_recompile pc=0x00000173f8128274 method=sun.java2d.SurfaceData.validatePipe(Lsun/java2d/SunGraphics2D;)V @ 563 c2
Event: 222.212 Thread 0x000001738c7e7800 Uncommon trap: reason=class_check action=maybe_recompile pc=0x00000173f81990e0 method=sun.java2d.SunGraphics2D.drawHiDPIImage(Ljava/awt/Image;IIIIIIIILjava/awt/Color;Ljava/awt/image/ImageObserver;Ljava/awt/geom/AffineTransform;)Ljava/lang/Boolean; @ 330 c
Event: 222.223 Thread 0x000001738c7e7800 Uncommon trap: reason=class_check action=maybe_recompile pc=0x00000173f81d7144 method=sun.swing.CachedPainter.getImage(Ljava/lang/Object;Ljava/awt/Component;IIII[Ljava/lang/Object;)Ljava/awt/Image; @ 370 c2
Event: 222.223 Thread 0x000001738c7e7800 Uncommon trap: reason=class_check action=maybe_recompile pc=0x00000173f81990e0 method=sun.java2d.SunGraphics2D.drawHiDPIImage(Ljava/awt/Image;IIIIIIIILjava/awt/Color;Ljava/awt/image/ImageObserver;Ljava/awt/geom/AffineTransform;)Ljava/lang/Boolean; @ 330 c
Event: 222.224 Thread 0x000001738c7e7800 Uncommon trap: reason=class_check action=maybe_recompile pc=0x00000173f81d7144 method=sun.swing.CachedPainter.getImage(Ljava/lang/Object;Ljava/awt/Component;IIII[Ljava/lang/Object;)Ljava/awt/Image; @ 370 c2
Event: 222.224 Thread 0x000001738c7e7800 Uncommon trap: reason=class_check action=maybe_recompile pc=0x00000173f81990e0 method=sun.java2d.SunGraphics2D.drawHiDPIImage(Ljava/awt/Image;IIIIIIIILjava/awt/Color;Ljava/awt/image/ImageObserver;Ljava/awt/geom/AffineTransform;)Ljava/lang/Boolean; @ 330 c

Classes redefined (0 events):
No events

Internal exceptions (10 events):
Event: 0.892 Thread 0x000001738c7e7800 Exception <a 'java/lang/NoSuchMethodError'{0x0000000719927980}: java.lang.invoke.DirectMethodHandle$Holder.invokeStaticInit(Ljava/lang/Object;)V> (0x0000000719927980) thrown at [t:/workspace/open/src/hotspot/share/interpreter/linkResolver.cpp, line 772]
Event: 0.910 Thread 0x000001738c7e7800 Exception <a 'java/lang/NoSuchMethodError'{0x00000007198ab4b8}: java.lang.invoke.DirectMethodHandle$Holder.invokeStatic(Ljava/lang/Object;Ljava/lang/Object;Ljava/lang/Object;Ljava/lang/Object;Ljava/lang/Object;Ljava/lang/Object;Ljava/lang/Object;Ljava/lan
Event: 0.911 Thread 0x000001738c7e7800 Exception <a 'java/lang/NoSuchMethodError'{0x00000007198c9740}: java.lang.invoke.DirectMethodHandle$Holder.invokeStatic(Ljava/lang/Object;Ljava/lang/Object;Ljava/lang/Object;Ljava/lang/Object;Ljava/lang/Object;Ljava/lang/Object;Ljava/lang/Object;Ljava/lan
Event: 0.912 Thread 0x000001738c7e7800 Exception <a 'java/lang/NoSuchMethodError'{0x00000007198e8978}: java.lang.invoke.DirectMethodHandle$Holder.invokeStatic(Ljava/lang/Object;Ljava/lang/Object;Ljava/lang/Object;Ljava/lang/Object;Ljava/lang/Object;Ljava/lang/Object;Ljava/lang/Object;Ljava/lan
Event: 0.912 Thread 0x000001738c7e7800 Exception <a 'java/lang/NoSuchMethodError'{0x00000007198f4c78}: java.lang.invoke.Invokers$Holder.linkToTargetMethod(Ljava/lang/Object;ILjava/lang/Object;)Ljava/lang/Object;> (0x00000007198f4c78) thrown at [t:/workspace/open/src/hotspot/share/interpreter/l
Event: 0.944 Thread 0x000001738c7e7800 Exception <a 'java/lang/NoSuchMethodError'{0x0000000719747780}: java.lang.invoke.DirectMethodHandle$Holder.invokeStatic(Ljava/lang/Object;Ljava/lang/Object;Ljava/lang/Object;Ljava/lang/Object;Ljava/lang/Object;Ljava/lang/Object;Ljava/lang/Object;Ljava/lan
Event: 17.443 Thread 0x000001739494c800 Implicit null exception at 0x00000173f7fa1008 to 0x00000173f7fa1122
Event: 17.443 Thread 0x000001739494c800 Implicit null exception at 0x00000173f7fa1578 to 0x00000173f7fa165a
Event: 50.095 Thread 0x000001738c7e7800 Implicit null exception at 0x00000173f8083059 to 0x00000173f8084426
Event: 79.505 Thread 0x0000017394cea800 Implicit null exception at 0x00000173f7fcfb83 to 0x00000173f7fcfe2a

Events (10 events):
Event: 222.223 Thread 0x000001738c7e7800 DEOPT UNPACKING pc=0x00000173f04591af sp=0x0000001fea5f9d20 mode 2
Event: 222.223 Thread 0x000001738c7e7800 Uncommon trap: trap_request=0xffffffde fr.pc=0x00000173f81990e0 relative=0x0000000000001dc0
Event: 222.223 Thread 0x000001738c7e7800 DEOPT PACKING pc=0x00000173f81990e0 sp=0x0000001fea5f9e50
Event: 222.223 Thread 0x000001738c7e7800 DEOPT UNPACKING pc=0x00000173f04591af sp=0x0000001fea5f9da8 mode 2
Event: 222.224 Thread 0x000001738c7e7800 Uncommon trap: trap_request=0xffffffde fr.pc=0x00000173f81d7144 relative=0x0000000000004864
Event: 222.224 Thread 0x000001738c7e7800 DEOPT PACKING pc=0x00000173f81d7144 sp=0x0000001fea5f9d50
Event: 222.224 Thread 0x000001738c7e7800 DEOPT UNPACKING pc=0x00000173f04591af sp=0x0000001fea5f9d20 mode 2
Event: 222.224 Thread 0x000001738c7e7800 Uncommon trap: trap_request=0xffffffde fr.pc=0x00000173f81990e0 relative=0x0000000000001dc0
Event: 222.224 Thread 0x000001738c7e7800 DEOPT PACKING pc=0x00000173f81990e0 sp=0x0000001fea5f9e50
Event: 222.224 Thread 0x000001738c7e7800 DEOPT UNPACKING pc=0x00000173f04591af sp=0x0000001fea5f9da8 mode 2


Dynamic libraries:
0x00007ff63b450000 - 0x00007ff63b497000 	C:\Program Files\Java\jdk-11\bin\java.exe
0x00007ffd95f30000 - 0x00007ffd96144000 	C:\windows\SYSTEM32\ntdll.dll
0x00007ffd94fa0000 - 0x00007ffd95062000 	C:\windows\System32\KERNEL32.DLL
0x00007ffd935c0000 - 0x00007ffd93963000 	C:\windows\System32\KERNELBASE.dll
0x00007ffd95740000 - 0x00007ffd957ee000 	C:\windows\System32\ADVAPI32.dll
0x00007ffd94b20000 - 0x00007ffd94bc7000 	C:\windows\System32\msvcrt.dll
0x00007ffd95690000 - 0x00007ffd95734000 	C:\windows\System32\sechost.dll
0x00007ffd93f90000 - 0x00007ffd940a7000 	C:\windows\System32\RPCRT4.dll
0x00007ffd95d30000 - 0x00007ffd95edb000 	C:\windows\System32\USER32.dll
0x00007ffd934d0000 - 0x00007ffd934f6000 	C:\windows\System32\win32u.dll
0x00007ffd948b0000 - 0x00007ffd948d9000 	C:\windows\System32\GDI32.dll
0x00007ffd93a10000 - 0x00007ffd93b29000 	C:\windows\System32\gdi32full.dll
0x00007ffd93970000 - 0x00007ffd93a0a000 	C:\windows\System32\msvcp_win.dll
0x00007ffd933b0000 - 0x00007ffd934c1000 	C:\windows\System32\ucrtbase.dll
0x00007ffd75490000 - 0x00007ffd7571e000 	C:\windows\WinSxS\amd64_microsoft.windows.common-controls_6595b64144ccf1df_6.0.22621.1635_none_270f70857386168e\COMCTL32.dll
0x00007ffd8c370000 - 0x00007ffd8c37a000 	C:\windows\SYSTEM32\VERSION.dll
0x00007ffd94bd0000 - 0x00007ffd94c01000 	C:\windows\System32\IMM32.DLL
0x00007ffd775e0000 - 0x00007ffd775f6000 	C:\Program Files\Java\jdk-11\bin\vcruntime140.dll
0x00007ffd70ee0000 - 0x00007ffd70f8a000 	C:\Program Files\Java\jdk-11\bin\msvcp140.dll
0x00007ffd308c0000 - 0x00007ffd31402000 	C:\Program Files\Java\jdk-11\bin\server\jvm.dll
0x00007ffd94930000 - 0x00007ffd94938000 	C:\windows\System32\PSAPI.DLL
0x00007ffd7da40000 - 0x00007ffd7da49000 	C:\windows\SYSTEM32\WSOCK32.dll
0x00007ffd8b080000 - 0x00007ffd8b0b4000 	C:\windows\SYSTEM32\WINMM.dll
0x00007ffd93f00000 - 0x00007ffd93f71000 	C:\windows\System32\WS2_32.dll
0x00007ffd923d0000 - 0x00007ffd923e8000 	C:\windows\SYSTEM32\kernel.appcore.dll
0x00007ffd72930000 - 0x00007ffd72941000 	C:\Program Files\Java\jdk-11\bin\verify.dll
0x00007ffd81470000 - 0x00007ffd8169e000 	C:\windows\SYSTEM32\DBGHELP.DLL
0x00007ffd94c10000 - 0x00007ffd94f99000 	C:\windows\System32\combase.dll
0x00007ffd950d0000 - 0x00007ffd951a7000 	C:\windows\System32\OLEAUT32.dll
0x00007ffd74e20000 - 0x00007ffd74e52000 	C:\windows\SYSTEM32\dbgcore.DLL
0x00007ffd93330000 - 0x00007ffd933ab000 	C:\windows\System32\bcryptPrimitives.dll
0x00007ffd73050000 - 0x00007ffd73079000 	C:\Program Files\Java\jdk-11\bin\java.dll
0x00007ffd71f70000 - 0x00007ffd71f86000 	C:\Program Files\Java\jdk-11\bin\zip.dll
0x00007ffd7d9d0000 - 0x00007ffd7d9da000 	C:\Program Files\Java\jdk-11\bin\jimage.dll
0x00007ffd940b0000 - 0x00007ffd948aa000 	C:\windows\System32\SHELL32.dll
0x00007ffd912e0000 - 0x00007ffd91bae000 	C:\windows\SYSTEM32\windows.storage.dll
0x00007ffd911a0000 - 0x00007ffd912de000 	C:\windows\SYSTEM32\wintypes.dll
0x00007ffd95480000 - 0x00007ffd95571000 	C:\windows\System32\SHCORE.dll
0x00007ffd95630000 - 0x00007ffd9568e000 	C:\windows\System32\shlwapi.dll
0x00007ffd93260000 - 0x00007ffd93281000 	C:\windows\SYSTEM32\profapi.dll
0x00007ffd71f50000 - 0x00007ffd71f69000 	C:\Program Files\Java\jdk-11\bin\net.dll
0x00007ffd8ca30000 - 0x00007ffd8cb67000 	C:\windows\SYSTEM32\WINHTTP.dll
0x00007ffd92860000 - 0x00007ffd928c9000 	C:\windows\system32\mswsock.dll
0x00007ffd71f30000 - 0x00007ffd71f43000 	C:\Program Files\Java\jdk-11\bin\nio.dll
0x00007ffd347d0000 - 0x00007ffd3496f000 	C:\Program Files\Java\jdk-11\bin\awt.dll
0x00007ffd8f460000 - 0x00007ffd8fa21000 	C:\windows\SYSTEM32\d2d1.dll
0x00007ffd90700000 - 0x00007ffd90797000 	C:\windows\SYSTEM32\apphelp.dll
0x00007ffd90870000 - 0x00007ffd9091b000 	C:\windows\system32\uxtheme.dll
0x00007ffd951b0000 - 0x00007ffd952d7000 	C:\windows\System32\MSCTF.dll
0x00007ffd952e0000 - 0x00007ffd9547c000 	C:\windows\System32\ole32.dll
0x00007ffd806f0000 - 0x00007ffd80717000 	C:\Program Files\Java\jdk-11\bin\sunec.dll
0x00007ffd92ac0000 - 0x00007ffd92adb000 	C:\windows\SYSTEM32\CRYPTSP.dll
0x00007ffd922c0000 - 0x00007ffd922f5000 	C:\windows\system32\rsaenh.dll
0x00007ffd92960000 - 0x00007ffd92988000 	C:\windows\SYSTEM32\USERENV.dll
0x00007ffd92ce0000 - 0x00007ffd92d08000 	C:\windows\SYSTEM32\bcrypt.dll
0x00007ffd92ae0000 - 0x00007ffd92aec000 	C:\windows\SYSTEM32\CRYPTBASE.dll
0x00007ffd91e10000 - 0x00007ffd91e3d000 	C:\windows\SYSTEM32\IPHLPAPI.DLL
0x00007ffd93f80000 - 0x00007ffd93f89000 	C:\windows\System32\NSI.dll
0x00007ffd8ca10000 - 0x00007ffd8ca29000 	C:\windows\SYSTEM32\dhcpcsvc6.DLL
0x00007ffd8c9f0000 - 0x00007ffd8ca0f000 	C:\windows\SYSTEM32\dhcpcsvc.DLL
0x00007ffd91e40000 - 0x00007ffd91f33000 	C:\windows\SYSTEM32\DNSAPI.dll
0x00007ffd80720000 - 0x00007ffd8072d000 	C:\Program Files\Java\jdk-11\bin\sunmscapi.dll
0x00007ffd93b30000 - 0x00007ffd93c97000 	C:\windows\System32\CRYPT32.dll
0x00007ffd92cb0000 - 0x00007ffd92cde000 	C:\windows\SYSTEM32\ncrypt.dll
0x00007ffd92c70000 - 0x00007ffd92ca7000 	C:\windows\SYSTEM32\NTASN1.dll
0x00007ffd90b20000 - 0x00007ffd90b4b000 	C:\windows\system32\DWMAPI.DLL
0x00007ffd1fef0000 - 0x00007ffd1fff0000 	C:\windows\system32\opengl32.dll
0x00007ffd278a0000 - 0x00007ffd278cd000 	C:\windows\SYSTEM32\GLU32.dll
0x00007ffd909b0000 - 0x00007ffd909e8000 	C:\windows\SYSTEM32\dxcore.dll
0x00007ffd29ab0000 - 0x00007ffd29c59000 	C:\windows\system32\d3d9.dll
0x00007ffd8b0e0000 - 0x00007ffd8b29b000 	C:\windows\System32\DriverStore\FileRepository\u0391077.inf_amd64_67fd0eeeedac332d\B385477\aticfx64.dll
0x00007ffd8c3a0000 - 0x00007ffd8c3d4000 	C:\windows\System32\DriverStore\FileRepository\u0391077.inf_amd64_67fd0eeeedac332d\B385477\atiu9p64.dll
0x00007ffd249e0000 - 0x00007ffd25735000 	C:\windows\System32\DriverStore\FileRepository\u0391077.inf_amd64_67fd0eeeedac332d\B385477\atiumd64.dll
0x000000006a0e0000 - 0x000000006b007000 	C:\windows\System32\DriverStore\FileRepository\u0391077.inf_amd64_67fd0eeeedac332d\B385477\atiumd6a.dll
0x00007ffd95880000 - 0x00007ffd95cf4000 	C:\windows\System32\SETUPAPI.dll
0x00007ffd92ba0000 - 0x00007ffd92bed000 	C:\windows\SYSTEM32\POWRPROF.dll
0x00007ffd92b80000 - 0x00007ffd92b93000 	C:\windows\SYSTEM32\UMPDC.dll
0x00007ffd8a8d0000 - 0x00007ffd8a905000 	C:\windows\SYSTEM32\amdihk64.dll
0x00007ffd8e1c0000 - 0x00007ffd8e208000 	C:\windows\SYSTEM32\directxdatabasehelper.dll
0x00007ffd56730000 - 0x00007ffd567b0000 	C:\Program Files\Java\jdk-11\bin\freetype.dll
0x00007ffd55b80000 - 0x00007ffd55bef000 	C:\Program Files\Java\jdk-11\bin\fontmanager.dll
0x00007ffd7ddd0000 - 0x00007ffd7defd000 	C:\windows\SYSTEM32\textinputframework.dll
0x00007ffd90400000 - 0x00007ffd90533000 	C:\windows\SYSTEM32\CoreMessaging.dll
0x00007ffd8d760000 - 0x00007ffd8dacc000 	C:\windows\SYSTEM32\CoreUIComponents.dll
0x00007ffd95580000 - 0x00007ffd95630000 	C:\windows\System32\clbcatq.dll
0x00007ffd8f040000 - 0x00007ffd8f1f0000 	C:\windows\SYSTEM32\WindowsCodecs.dll
0x00007ffd69910000 - 0x00007ffd6996e000 	C:\windows\system32\dataexchange.dll
0x00007ffd8b2a0000 - 0x00007ffd8b50e000 	C:\windows\system32\twinapi.appcore.dll

dbghelp: loaded successfully - version: 4.0.5 - missing functions: none
symbol engine: initialized successfully - sym options: 0x614 - pdb path: .;C:\Program Files\Java\jdk-11\bin;C:\windows\SYSTEM32;C:\windows\WinSxS\amd64_microsoft.windows.common-controls_6595b64144ccf1df_6.0.22621.1635_none_270f70857386168e;C:\Program Files\Java\jdk-11\bin\server;C:\windows\System32\DriverStore\FileRepository\u0391077.inf_amd64_67fd0eeeedac332d\B385477

VM Arguments:
jvm_args: -Dfile.encoding=UTF-8 --module-path=C:\Users\andre\OneDrive\Documents\NetBeansProjects\Group2_GUI\build\classes 
java_command: EmployeeManagementSystem.MainClass
java_class_path (initial): C:\Users\andre\Downloads\jar_files\mysql-connector-java-8.0.28.jar;C:\Users\andre\Downloads\jcalendar-1.4.jar\jcalendar-1.4.jar;C:\Users\andre\OneDrive\Documents\NetBeansProjects\Group2_GUI\build\classes
Launcher Type: SUN_STANDARD

[Global flags]
     intx CICompilerCount                          = 4                                         {product} {ergonomic}
     uint ConcGCThreads                            = 3                                         {product} {ergonomic}
     uint G1ConcRefinementThreads                  = 10                                        {product} {ergonomic}
   size_t G1HeapRegionSize                         = 1048576                                   {product} {ergonomic}
    uintx GCDrainStackTargetSize                   = 64                                        {product} {ergonomic}
   size_t InitialHeapSize                          = 257949696                                 {product} {ergonomic}
   size_t MarkStackSize                            = 4194304                                   {product} {ergonomic}
   size_t MaxHeapSize                              = 4120903680                                {product} {ergonomic}
   size_t MaxNewSize                               = 2472542208                                {product} {ergonomic}
   size_t MinHeapDeltaBytes                        = 1048576                                   {product} {ergonomic}
    uintx NonNMethodCodeHeapSize                   = 5835340                                {pd product} {ergonomic}
    uintx NonProfiledCodeHeapSize                  = 122911450                              {pd product} {ergonomic}
    uintx ProfiledCodeHeapSize                     = 122911450                              {pd product} {ergonomic}
    uintx ReservedCodeCacheSize                    = 251658240                              {pd product} {ergonomic}
     bool SegmentedCodeCache                       = true                                      {product} {ergonomic}
     bool UseCompressedClassPointers               = true                                 {lp64_product} {ergonomic}
     bool UseCompressedOops                        = true                                 {lp64_product} {ergonomic}
     bool UseG1GC                                  = true                                      {product} {ergonomic}
     bool UseLargePagesIndividualAllocation        = false                                  {pd product} {ergonomic}

Logging:
Log output configuration:
 #0: stdout all=warning uptime,level,tags
 #1: stderr all=off uptime,level,tags

Environment Variables:
PATH=C:\Program Files\Java\jdk-11\bin;C:\Program Files (x86)\Common Files\Oracle\Java\javapath;C:\app\Mariane\product\21c\dbhomeXE\bin;C:\windows\system32;C:\windows;C:\windows\System32\Wbem;C:\windows\System32\WindowsPowerShell\v1.0\;C:\windows\System32\OpenSSH\;C:\ProgramData\chocolatey\bin;C:\Program Files\nodejs\;C:\Program Files\Git\cmd;C:\Program Files\Calibre2\;C:\Program Files\MySQL\MySQL Server 8.0\bin;C:\Program Files\Java\jdk1.8.0_361\bin;C:\Program Files\PostgreSQL\11\bin;C:\Program Files\php-7.4.33;C:\ProgramData\ComposerSetup\bin;C:\Program Files\dotnet\;C:\Program Files (x86)\Microsoft SQL Server\160\Tools\Binn\;C:\Program Files\Microsoft SQL Server\160\Tools\Binn\;C:\Program Files\Microsoft SQL Server\Client SDK\ODBC\170\Tools\Binn\;C:\Program Files\Microsoft SQL Server\160\DTS\Binn\;C:\Program Files (x86)\Microsoft SQL Server\160\DTS\Binn\;C:\Program Files\Azure Data Studio\bin;C:\Users\andre\AppData\Local\Microsoft\WindowsApps;C:\Users\andre\AppData\Local\GitHubDesktop\bin;C:\Users\andre\AppData\Local\Programs\Microsoft VS Code\bin;C:\Users\andre\.dotnet\tools
USERNAME=andre
OS=Windows_NT
PROCESSOR_IDENTIFIER=AMD64 Family 25 Model 80 Stepping 0, AuthenticAMD



---------------  S Y S T E M  ---------------

OS: Windows 10 , 64 bit Build 22621 (10.0.22621.1778)

CPU:total 12 (initial active 12) (12 cores per cpu, 2 threads per core) family 25 model 80 stepping 0, cmov, cx8, fxsr, mmx, sse, sse2, sse3, ssse3, sse4.1, sse4.2, popcnt, avx, avx2, aes, clmul, erms, mmxext, 3dnowpref, lzcnt, sse4a, ht, tsc, tscinvbit, tscinv, bmi1, bmi2, adx, sha, fma

Memory: 4k page, system-wide physical 15712M (4108M free)
TotalPageFile size 19808M (AvailPageFile size 3M)
current process WorkingSet (physical memory assigned to process): 600M, peak: 600M
current process commit charge ("private bytes"): 1105M, peak: 1106M

vm_info: Java HotSpot(TM) 64-Bit Server VM (11+28) for windows-amd64 JRE (11+28), built on Aug 23 2018 03:03:59 by "mach5one" with MS VC++ 15.5 (VS2017)

END.
