#
# There is insufficient memory for the Java Runtime Environment to continue.
# Native memory allocation (mmap) failed to map 257949696 bytes for Failed to commit area from 0x000000070a600000 to 0x0000000719c00000 of length 257949696.
# Possible reasons:
#   The system is out of physical RAM or swap space
#   The process is running with CompressedOops enabled, and the Java Heap may be blocking the growth of the native heap
# Possible solutions:
#   Reduce memory load on the system
#   Increase physical memory or swap space
#   Check if swap backing store is full
#   Decrease Java heap size (-Xmx/-Xms)
#   Decrease number of Java threads
#   Decrease Java thread stack sizes (-Xss)
#   Set larger code cache with -XX:ReservedCodeCacheSize=
# This output file may be truncated or incomplete.
#
#  Out of Memory Error (t:/workspace/open/src/hotspot/os/windows/os_windows.cpp:3269), pid=48568, tid=22088
#
# JRE version:  (11.0+28) (build )
# Java VM: Java HotSpot(TM) 64-Bit Server VM (11+28, mixed mode, aot, sharing, tiered, compressed oops, g1 gc, windows-amd64)
# No core dump will be written. Minidumps are not enabled by default on client versions of Windows
#

---------------  S U M M A R Y ------------

Command Line: -Dfile.encoding=UTF-8 --module-path=C:\Users\andre\OneDrive\Documents\NetBeansProjects\Group2_GUI\build\classes EmployeeManagementSystem.EMSdatabase

Host: AMD Ryzen 5 5625U with Radeon Graphics         , 12 cores, 15G,  Windows 10 , 64 bit Build 22621 (10.0.22621.1635)
Time: Mon Jun 12 22:22:23 2023 Malay Peninsula Standard Time elapsed time: 0 seconds (0d 0h 0m 0s)

---------------  T H R E A D  ---------------

Current thread (0x00000268399b0800):  JavaThread "Unknown thread" [_thread_in_vm, id=22088, stack(0x000000ccc6c00000,0x000000ccc6d00000)]

Stack: [0x000000ccc6c00000,0x000000ccc6d00000]
Native frames: (J=compiled Java code, j=interpreted, Vv=VM code, C=native code)
V  [jvm.dll+0x63c22a]
V  [jvm.dll+0x7797ef]
V  [jvm.dll+0x77adda]
V  [jvm.dll+0x77b493]
V  [jvm.dll+0x262818]
V  [jvm.dll+0x6396da]
V  [jvm.dll+0x62dfb5]
V  [jvm.dll+0x31699c]
V  [jvm.dll+0x316822]
V  [jvm.dll+0x31c096]
V  [jvm.dll+0x3684af]
V  [jvm.dll+0x367ed0]
V  [jvm.dll+0x2f38b8]
V  [jvm.dll+0x2f4a16]
V  [jvm.dll+0x752db7]
V  [jvm.dll+0x7544ff]
V  [jvm.dll+0x3752e9]
V  [jvm.dll+0x7394b9]
V  [jvm.dll+0x3e46fd]
V  [jvm.dll+0x3e69d1]
C  [java.exe+0x3603]
C  [java.exe+0x178dc]
C  [KERNEL32.DLL+0x126ad]
C  [ntdll.dll+0x5a9f8]


---------------  P R O C E S S  ---------------

Threads class SMR info:
_java_thread_list=0x00000268376cd470, length=0, elements={
}

Java Threads: ( => current thread )

Other Threads:
  0x00000268399c7800 GCTaskThread "GC Thread#0" [stack: 0x000000ccc6d00000,0x000000ccc6e00000] [id=47700]
  0x0000026839a21800 ConcurrentGCThread "G1 Main Marker" [stack: 0x000000ccc6e00000,0x000000ccc6f00000] [id=6084]
  0x0000026839a24000 ConcurrentGCThread "G1 Conc#0" [stack: 0x000000ccc6f00000,0x000000ccc7000000] [id=23384]

[error occurred during error reporting (printing all threads), id 0xc0000005, EXCEPTION_ACCESS_VIOLATION (0xc0000005) at pc=0x00007ffb5b032137]

VM state:not at safepoint (not fully initialized)

VM Mutex/Monitor currently owned by a thread:  ([mutex/lock_event])
[0x00000268399adbc0] Heap_lock - owner thread: 0x00000268399b0800

Heap address: 0x000000070a600000, size: 3930 MB, Compressed Oops mode: Non-zero based: 0x000000070a600000
Narrow klass base: 0x0000000000000000, Narrow klass shift: 0

GC Heap History (0 events):
No events

Deoptimization events (0 events):
No events

Classes redefined (0 events):
No events

Internal exceptions (0 events):
No events

Events (0 events):
No events


Dynamic libraries:
0x00007ff6be8b0000 - 0x00007ff6be8f7000 	C:\Program Files\Java\jdk-11\bin\java.exe
0x00007ffbe07d0000 - 0x00007ffbe09e4000 	C:\windows\SYSTEM32\ntdll.dll
0x00007ffbdede0000 - 0x00007ffbdeea2000 	C:\windows\System32\KERNEL32.DLL
0x00007ffbddd10000 - 0x00007ffbde0b3000 	C:\windows\System32\KERNELBASE.dll
0x00007ffbdafc0000 - 0x00007ffbdb057000 	C:\windows\SYSTEM32\apphelp.dll
0x00007ffbdecc0000 - 0x00007ffbded6e000 	C:\windows\System32\ADVAPI32.dll
0x00007ffbdeeb0000 - 0x00007ffbdef57000 	C:\windows\System32\msvcrt.dll
0x00007ffbe06e0000 - 0x00007ffbe0784000 	C:\windows\System32\sechost.dll
0x00007ffbdf630000 - 0x00007ffbdf747000 	C:\windows\System32\RPCRT4.dll
0x00007ffbdf2f0000 - 0x00007ffbdf49b000 	C:\windows\System32\USER32.dll
0x00007ffbde320000 - 0x00007ffbde346000 	C:\windows\System32\win32u.dll
0x00007ffbded90000 - 0x00007ffbdedb9000 	C:\windows\System32\GDI32.dll
0x00007ffbddbf0000 - 0x00007ffbddd08000 	C:\windows\System32\gdi32full.dll
0x00007ffbde530000 - 0x00007ffbde5ca000 	C:\windows\System32\msvcp_win.dll
0x00007ffbde410000 - 0x00007ffbde521000 	C:\windows\System32\ucrtbase.dll
0x00007ffbc1f40000 - 0x00007ffbc21ce000 	C:\windows\WinSxS\amd64_microsoft.windows.common-controls_6595b64144ccf1df_6.0.22621.1635_none_270f70857386168e\COMCTL32.dll
0x00007ffbd53a0000 - 0x00007ffbd53aa000 	C:\windows\SYSTEM32\VERSION.dll
0x00007ffbe0600000 - 0x00007ffbe0631000 	C:\windows\System32\IMM32.DLL
0x00007ffbb3d30000 - 0x00007ffbb3d46000 	C:\Program Files\Java\jdk-11\bin\vcruntime140.dll
0x00007ffb78a70000 - 0x00007ffb78b1a000 	C:\Program Files\Java\jdk-11\bin\msvcp140.dll
0x00007ffb5ad30000 - 0x00007ffb5b872000 	C:\Program Files\Java\jdk-11\bin\server\jvm.dll
0x00007ffbe06d0000 - 0x00007ffbe06d8000 	C:\windows\System32\PSAPI.DLL
0x00007ffbbeb40000 - 0x00007ffbbeb49000 	C:\windows\SYSTEM32\WSOCK32.dll
0x00007ffbd60d0000 - 0x00007ffbd6104000 	C:\windows\SYSTEM32\WINMM.dll
0x00007ffbde680000 - 0x00007ffbde6f1000 	C:\windows\System32\WS2_32.dll
0x00007ffbdcc00000 - 0x00007ffbdcc18000 	C:\windows\SYSTEM32\kernel.appcore.dll
0x00007ffb97c70000 - 0x00007ffb97c81000 	C:\Program Files\Java\jdk-11\bin\verify.dll
0x00007ffbcb970000 - 0x00007ffbcbb9e000 	C:\windows\SYSTEM32\DBGHELP.DLL
0x00007ffbde830000 - 0x00007ffbdebb9000 	C:\windows\System32\combase.dll
0x00007ffbde700000 - 0x00007ffbde7d7000 	C:\windows\System32\OLEAUT32.dll
0x00007ffbc4f60000 - 0x00007ffbc4f92000 	C:\windows\SYSTEM32\dbgcore.DLL
0x00007ffbde130000 - 0x00007ffbde1ab000 	C:\windows\System32\bcryptPrimitives.dll
0x00007ffb9a710000 - 0x00007ffb9a739000 	C:\Program Files\Java\jdk-11\bin\java.dll
0x00007ffb97c50000 - 0x00007ffb97c66000 	C:\Program Files\Java\jdk-11\bin\zip.dll
0x00007ffbbbe80000 - 0x00007ffbbbe8a000 	C:\Program Files\Java\jdk-11\bin\jimage.dll

dbghelp: loaded successfully - version: 4.0.5 - missing functions: none
symbol engine: initialized successfully - sym options: 0x614 - pdb path: .;C:\Program Files\Java\jdk-11\bin;C:\windows\SYSTEM32;C:\windows\WinSxS\amd64_microsoft.windows.common-controls_6595b64144ccf1df_6.0.22621.1635_none_270f70857386168e;C:\Program Files\Java\jdk-11\bin\server

VM Arguments:
jvm_args: -Dfile.encoding=UTF-8 --module-path=C:\Users\andre\OneDrive\Documents\NetBeansProjects\Group2_GUI\build\classes 
java_command: EmployeeManagementSystem.EMSdatabase
java_class_path (initial): C:\Users\andre\Downloads\jar_files\mysql-connector-java-8.0.28.jar;C:\Users\andre\Downloads\jcalendar-1.4.jar\jcalendar-1.4.jar;C:\Users\andre\OneDrive\Documents\NetBeansProjects\Group2_GUI\build\classes
Launcher Type: SUN_STANDARD

[Global flags]
     intx CICompilerCount                          = 4                                         {product} {ergonomic}
     uint ConcGCThreads                            = 3                                         {product} {ergonomic}
     uint G1ConcRefinementThreads                  = 10                                        {product} {ergonomic}
   size_t G1HeapRegionSize                         = 1048576                                   {product} {ergonomic}
    uintx GCDrainStackTargetSize                   = 64                                        {product} {ergonomic}
   size_t InitialHeapSize                          = 257949696                                 {product} {ergonomic}
   size_t MarkStackSize                            = 4194304                                   {product} {ergonomic}
   size_t MaxHeapSize                              = 4120903680                                {product} {ergonomic}
   size_t MinHeapDeltaBytes                        = 1048576                                   {product} {ergonomic}
    uintx NonNMethodCodeHeapSize                   = 5835340                                {pd product} {ergonomic}
    uintx NonProfiledCodeHeapSize                  = 122911450                              {pd product} {ergonomic}
    uintx ProfiledCodeHeapSize                     = 122911450                              {pd product} {ergonomic}
    uintx ReservedCodeCacheSize                    = 251658240                              {pd product} {ergonomic}
     bool SegmentedCodeCache                       = true                                      {product} {ergonomic}
     bool UseCompressedClassPointers               = true                                 {lp64_product} {ergonomic}
     bool UseCompressedOops                        = true                                 {lp64_product} {ergonomic}
     bool UseG1GC                                  = true                                      {product} {ergonomic}
     bool UseLargePagesIndividualAllocation        = false                                  {pd product} {ergonomic}

Logging:
Log output configuration:
 #0: stdout all=warning uptime,level,tags
 #1: stderr all=off uptime,level,tags

Environment Variables:
PATH=C:\Program Files\Java\jdk-11\bin;C:\Program Files (x86)\Common Files\Oracle\Java\javapath;C:\app\Mariane\product\21c\dbhomeXE\bin;C:\windows\system32;C:\windows;C:\windows\System32\Wbem;C:\windows\System32\WindowsPowerShell\v1.0\;C:\windows\System32\OpenSSH\;C:\ProgramData\chocolatey\bin;C:\Program Files\nodejs\;C:\Program Files\Git\cmd;C:\Program Files\Calibre2\;C:\Program Files\MySQL\MySQL Server 8.0\bin;C:\Program Files\Java\jdk1.8.0_361\bin;C:\Program Files\PostgreSQL\11\bin;C:\Program Files\php-7.4.33;C:\ProgramData\ComposerSetup\bin;C:\Users\andre\AppData\Local\Microsoft\WindowsApps;C:\Users\andre\AppData\Local\GitHubDesktop\bin
USERNAME=andre
OS=Windows_NT
PROCESSOR_IDENTIFIER=AMD64 Family 25 Model 80 Stepping 0, AuthenticAMD



---------------  S Y S T E M  ---------------

OS: Windows 10 , 64 bit Build 22621 (10.0.22621.1635)

CPU:total 12 (initial active 12) (12 cores per cpu, 2 threads per core) family 25 model 80 stepping 0, cmov, cx8, fxsr, mmx, sse, sse2, sse3, ssse3, sse4.1, sse4.2, popcnt, avx, avx2, aes, clmul, erms, mmxext, 3dnowpref, lzcnt, sse4a, ht, tsc, tscinvbit, tscinv, bmi1, bmi2, adx, sha, fma

Memory: 4k page, system-wide physical 15712M (2608M free)
TotalPageFile size 64864M (AvailPageFile size 181M)
current process WorkingSet (physical memory assigned to process): 11M, peak: 11M
current process commit charge ("private bytes"): 65M, peak: 311M

vm_info: Java HotSpot(TM) 64-Bit Server VM (11+28) for windows-amd64 JRE (11+28), built on Aug 23 2018 03:03:59 by "mach5one" with MS VC++ 15.5 (VS2017)

END.
